<?xml version="1.0" encoding="UTF-8"?>
<!-- Generated by org.testng.reporters.JUnitXMLReporter -->
<testsuite ignored="0" hostname="Asshu" failures="0" tests="1" name="Surefire test" time="0.046" errors="0" timestamp="10 Jun 2023 16:17:10 GMT">
  <testcase classname="flipkart.assesment.testCases.TestCase" name="@BeforeClass initialSetup" time="0.0">
    <failure type="org.testng.TestNGException" message="
Parameter &amp;apos;Port&amp;apos; is required by BeforeClass on method initialSetup but has not been marked @Optional or defined
">
      <![CDATA[org.testng.TestNGException: 
Parameter 'Port' is required by BeforeClass on method initialSetup but has not been marked @Optional or defined

... Removed 28 stack frames]]>
    </failure>
  </testcase> <!-- @BeforeClass initialSetup -->
  <testcase classname="flipkart.assesment.testCases.TestCase" name="scenario1" time="0.0">
    <skipped/>
  </testcase> <!-- scenario1 -->
</testsuite> <!-- Surefire test -->
