<?xml version="1.0" encoding="UTF-8"?>
<testng-results ignored="0" total="2" passed="2" failed="0" skipped="0">
  <reporter-output>
  </reporter-output>
  <suite started-at="2023-06-09T16:53:34 IST" name="Suite" finished-at="2023-06-09T16:53:55 IST" duration-ms="20205">
    <groups>
    </groups>
    <test started-at="2023-06-09T16:53:34 IST" name="MicrosoftEdge Test" finished-at="2023-06-09T16:53:53 IST" duration-ms="18128">
      <class name="flipkart.assesment.testCases.TestCase">
        <test-method is-config="true" signature="initialSetup(java.lang.String)[pri:0, instance:flipkart.assesment.testCases.TestCase@20ccf40b]" started-at="2023-06-09T16:53:34 IST" name="initialSetup" finished-at="2023-06-09T16:53:40 IST" duration-ms="5717" status="PASS">
          <params>
            <param index="0">
              <value>
                <![CDATA[6666]]>
              </value>
            </param>
          </params>
          <reporter-output>
          </reporter-output>
        </test-method> <!-- initialSetup -->
        <test-method signature="scenario1()[pri:0, instance:flipkart.assesment.testCases.TestCase@20ccf40b]" started-at="2023-06-09T16:53:40 IST" name="scenario1" finished-at="2023-06-09T16:53:53 IST" duration-ms="12373" status="PASS">
          <reporter-output>
          </reporter-output>
        </test-method> <!-- scenario1 -->
      </class> <!-- flipkart.assesment.testCases.TestCase -->
    </test> <!-- MicrosoftEdge Test -->
    <test started-at="2023-06-09T16:53:34 IST" name="Chrome Test" finished-at="2023-06-09T16:53:55 IST" duration-ms="20205">
      <class name="flipkart.assesment.testCases.TestCase">
        <test-method is-config="true" signature="initialSetup(java.lang.String)[pri:0, instance:flipkart.assesment.testCases.TestCase@7ea9e1e2]" started-at="2023-06-09T16:53:34 IST" name="initialSetup" finished-at="2023-06-09T16:53:43 IST" duration-ms="8099" status="PASS">
          <params>
            <param index="0">
              <value>
                <![CDATA[5555]]>
              </value>
            </param>
          </params>
          <reporter-output>
          </reporter-output>
        </test-method> <!-- initialSetup -->
        <test-method signature="scenario1()[pri:0, instance:flipkart.assesment.testCases.TestCase@7ea9e1e2]" started-at="2023-06-09T16:53:43 IST" name="scenario1" finished-at="2023-06-09T16:53:55 IST" duration-ms="12082" status="PASS">
          <reporter-output>
          </reporter-output>
        </test-method> <!-- scenario1 -->
      </class> <!-- flipkart.assesment.testCases.TestCase -->
    </test> <!-- Chrome Test -->
  </suite> <!-- Suite -->
</testng-results>
